# JRE version: OpenJDK Runtime Environment (8.0_112-b06) (build 1.8.0_112-release-b06)
# Java VM: OpenJDK 64-Bit Server VM (25.112-b06 mixed mode windows-amd64 compressed oops)
Heap:
 PSYoungGen      total 18432K, used 7473K [0x00000000eab00000, 0x00000000ebf80000, 0x0000000100000000)
  eden space 15872K, 31% used [0x00000000eab00000,0x00000000eafce5d0,0x00000000eba80000)
  from space 2560K, 99% used [0x00000000ebd00000,0x00000000ebf7df90,0x00000000ebf80000)
  to   space 2560K, 0% used [0x00000000eba80000,0x00000000eba80000,0x00000000ebd00000)
 ParOldGen       total 33280K, used 3923K [0x00000000c0000000, 0x00000000c2080000, 0x00000000eab00000)
  object space 33280K, 11% used [0x00000000c0000000,0x00000000c03d4ec0,0x00000000c2080000)
 Metaspace       used 5707K, capacity 6832K, committed 7040K, reserved 1058816K
  class space    used 559K, capacity 616K, committed 640K, reserved 1048576K
GC Heap History (6 events):
Event: 1.873 GC heap before
{Heap before GC invocations=1 (full 0):
 PSYoungGen      total 18432K, used 10780K [0x00000000eab00000, 0x00000000ebf80000, 0x0000000100000000)
  eden space 15872K, 67% used [0x00000000eab00000,0x00000000eb587040,0x00000000eba80000)
  from space 2560K, 0% used [0x00000000ebd00000,0x00000000ebd00000,0x00000000ebf80000)
  to   space 2560K, 0% used [0x00000000eba80000,0x00000000eba80000,0x00000000ebd00000)
 ParOldGen       total 42496K, used 0K [0x00000000c0000000, 0x00000000c2980000, 0x00000000eab00000)
  object space 42496K, 0% used [0x00000000c0000000,0x00000000c0000000,0x00000000c2980000)
 Metaspace       used 5303K, capacity 6448K, committed 6528K, reserved 1060864K
  class space    used 552K, capacity 616K, committed 640K, reserved 1048576K
Event: 1.978 GC heap after
Heap after GC invocations=1 (full 0):
 PSYoungGen      total 18432K, used 2530K [0x00000000eab00000, 0x00000000ebf80000, 0x0000000100000000)
  eden space 15872K, 0% used [0x00000000eab00000,0x00000000eab00000,0x00000000eba80000)
  from space 2560K, 98% used [0x00000000eba80000,0x00000000ebcf8820,0x00000000ebd00000)
  to   space 2560K, 0% used [0x00000000ebd00000,0x00000000ebd00000,0x00000000ebf80000)
 ParOldGen       total 42496K, used 938K [0x00000000c0000000, 0x00000000c2980000, 0x00000000eab00000)
  object space 42496K, 2% used [0x00000000c0000000,0x00000000c00eabc8,0x00000000c2980000)
 Metaspace       used 5303K, capacity 6448K, committed 6528K, reserved 1060864K
  class space    used 552K, capacity 616K, committed 640K, reserved 1048576K
}
Event: 1.978 GC heap before
{Heap before GC invocations=2 (full 1):
 PSYoungGen      total 18432K, used 2530K [0x00000000eab00000, 0x00000000ebf80000, 0x0000000100000000)
  eden space 15872K, 0% used [0x00000000eab00000,0x00000000eab00000,0x00000000eba80000)
  from space 2560K, 98% used [0x00000000eba80000,0x00000000ebcf8820,0x00000000ebd00000)
  to   space 2560K, 0% used [0x00000000ebd00000,0x00000000ebd00000,0x00000000ebf80000)
 ParOldGen       total 42496K, used 938K [0x00000000c0000000, 0x00000000c2980000, 0x00000000eab00000)
  object space 42496K, 2% used [0x00000000c0000000,0x00000000c00eabc8,0x00000000c2980000)
 Metaspace       used 5303K, capacity 6448K, committed 6528K, reserved 1060864K
  class space    used 552K, capacity 616K, committed 640K, reserved 1048576K
Event: 2.455 GC heap after
Heap after GC invocations=2 (full 1):
 PSYoungGen      total 18432K, used 0K [0x00000000eab00000, 0x00000000ebf80000, 0x0000000100000000)
  eden space 15872K, 0% used [0x00000000eab00000,0x00000000eab00000,0x00000000eba80000)
  from space 2560K, 0% used [0x00000000eba80000,0x00000000eba80000,0x00000000ebd00000)
  to   space 2560K, 0% used [0x00000000ebd00000,0x00000000ebd00000,0x00000000ebf80000)
 ParOldGen       total 33280K, used 3339K [0x00000000c0000000, 0x00000000c2080000, 0x00000000eab00000)
  object space 33280K, 10% used [0x00000000c0000000,0x00000000c0342eb0,0x00000000c2080000)
 Metaspace       used 5303K, capacity 6448K, committed 6528K, reserved 1058816K
  class space    used 552K, capacity 616K, committed 640K, reserved 1048576K
}
Event: 3.281 GC heap before
{Heap before GC invocations=3 (full 1):
 PSYoungGen      total 18432K, used 15872K [0x00000000eab00000, 0x00000000ebf80000, 0x0000000100000000)
  eden space 15872K, 100% used [0x00000000eab00000,0x00000000eba80000,0x00000000eba80000)
  from space 2560K, 0% used [0x00000000eba80000,0x00000000eba80000,0x00000000ebd00000)
  to   space 2560K, 0% used [0x00000000ebd00000,0x00000000ebd00000,0x00000000ebf80000)
 ParOldGen       total 33280K, used 3339K [0x00000000c0000000, 0x00000000c2080000, 0x00000000eab00000)
  object space 33280K, 10% used [0x00000000c0000000,0x00000000c0342eb0,0x00000000c2080000)
 Metaspace       used 5679K, capacity 6832K, committed 7040K, reserved 1058816K
  class space    used 558K, capacity 616K, committed 640K, reserved 1048576K
Event: 3.387 GC heap after
Heap after GC invocations=3 (full 1):
 PSYoungGen      total 18432K, used 2551K [0x00000000eab00000, 0x00000000ebf80000, 0x0000000100000000)
  eden space 15872K, 0% used [0x00000000eab00000,0x00000000eab00000,0x00000000eba80000)
  from space 2560K, 99% used [0x00000000ebd00000,0x00000000ebf7df90,0x00000000ebf80000)
  to   space 2560K, 0% used [0x00000000eba80000,0x00000000eba80000,0x00000000ebd00000)
 ParOldGen       total 33280K, used 3923K [0x00000000c0000000, 0x00000000c2080000, 0x00000000eab00000)
  object space 33280K, 11% used [0x00000000c0000000,0x00000000c03d4ec0,0x00000000c2080000)
 Metaspace       used 5679K, capacity 6832K, committed 7040K, reserved 1058816K
  class space    used 558K, capacity 616K, committed 640K, reserved 1048576K
}

